==175== Memcheck, a memory error detector
==175== Copyright (C) 2002-2017, and GNU GPL'd, by Julian Seward et al.
==175== Using Valgrind-3.18.1 and LibVEX; rerun with -h for copyright info
==175== Command: /tmp/tmpvqapak1r/student/lab2systems/build//bin/tests
==175== 
Running main() from /tmp/tmpvqapak1r/student/lab2systems/tests/lib/googletest/src/gtest_main.cc
[==========] Running 16 tests from 2 test suites.
[----------] Global test environment set-up.
[----------] 9 tests from LinuxTester
[ RUN      ] LinuxTester.defaultConstructor
[       OK ] LinuxTester.defaultConstructor (29 ms)
[ RUN      ] LinuxTester.constructorWithSingleArgument
[       OK ] LinuxTester.constructorWithSingleArgument (4 ms)
[ RUN      ] LinuxTester.destructor
[       OK ] LinuxTester.destructor (4 ms)
[ RUN      ] LinuxTester.addSingleUser_expectedUserIdReturned
[       OK ] LinuxTester.addSingleUser_expectedUserIdReturned (15 ms)
[ RUN      ] LinuxTester.user_expectedNewlyAddedUserReturned
[       OK ] LinuxTester.user_expectedNewlyAddedUserReturned (6 ms)
[ RUN      ] LinuxTester.userHomeDirectory_expectedCorrectUserHomeDirectoryReturned
[       OK ] LinuxTester.userHomeDirectory_expectedCorrectUserHomeDirectoryReturned (6 ms)
[ RUN      ] LinuxTester.instanceConstructionAndDestruction_expectedOpenSourceSympathizersChanges
[       OK ] LinuxTester.instanceConstructionAndDestruction_expectedOpenSourceSympathizersChanges (7 ms)
[ RUN      ] LinuxTester.characterType_definedInsideClass
[       OK ] LinuxTester.characterType_definedInsideClass (2 ms)
[ RUN      ] LinuxTester.testOptionalGraphicEnvironment
[       OK ] LinuxTester.testOptionalGraphicEnvironment (7 ms)
[----------] 9 tests from LinuxTester (95 ms total)

[----------] 7 tests from WindowsTester
[ RUN      ] WindowsTester.defaultConstructor
[       OK ] WindowsTester.defaultConstructor (6 ms)
[ RUN      ] WindowsTester.constructorWithSingleArgument
[       OK ] WindowsTester.constructorWithSingleArgument (4 ms)
[ RUN      ] WindowsTester.addSingleUser_expectedUserIdReturned
[       OK ] WindowsTester.addSingleUser_expectedUserIdReturned (3 ms)
[ RUN      ] WindowsTester.user_expectedNewlyAddedUserReturned
[       OK ] WindowsTester.user_expectedNewlyAddedUserReturned (4 ms)
[ RUN      ] WindowsTester.userHomeDirectory_expectedCorrectUserHomeDirectoryReturned
/tmp/tmpvqapak1r/student/lab2systems/tests/windowsTests.cpp:134: Failure
Expected equality of these values:
  expectedHomeDirectory
    Which is: "C:\\Users\\admin"
  windows.user_home_directory(userId)
    Which is: "/home/admin/"
[  FAILED  ] WindowsTester.userHomeDirectory_expectedCorrectUserHomeDirectoryReturned (55 ms)
[ RUN      ] WindowsTester.instanceConstructionAndDestruction_expectedOpenSourceSympathizersChanges
[       OK ] WindowsTester.instanceConstructionAndDestruction_expectedOpenSourceSympathizersChanges (7 ms)
[ RUN      ] WindowsTester.characterType_definedInsideClass
[       OK ] WindowsTester.characterType_definedInsideClass (1 ms)
[----------] 7 tests from WindowsTester (88 ms total)

[----------] Global test environment tear-down
[==========] 16 tests from 2 test suites ran. (239 ms total)
[  PASSED  ] 15 tests.
[  FAILED  ] 1 test, listed below:
[  FAILED  ] WindowsTester.userHomeDirectory_expectedCorrectUserHomeDirectoryReturned

 1 FAILED TEST
==175== 
==175== HEAP SUMMARY:
==175==     in use at exit: 0 bytes in 0 blocks
==175==   total heap usage: 471 allocs, 471 frees, 153,608 bytes allocated
==175== 
==175== All heap blocks were freed -- no leaks are possible
==175== 
==175== For lists of detected and suppressed errors, rerun with: -s
==175== ERROR SUMMARY: 0 errors from 0 contexts (suppressed: 0 from 0)
